\BOOKMARK [1][-]{section.0.1}{\376\377\000L\000e\000v\000e\000l\000\040\000A\000:\000\040\000I\000n\000i\000t\000i\000a\000l\000\040\000U\000n\000d\000e\000r\000s\000t\000a\000n\000d\000i\000n\000g}{}% 1
\BOOKMARK [2][-]{subsection.0.1.1}{\376\377\000L\000e\000v\000e\000l\000\040\000A\000\040\000D\000e\000m\000o\000n\000s\000t\000r\000a\000t\000i\000o\000n}{section.0.1}% 2
\BOOKMARK [2][-]{subsection.0.1.2}{\376\377\000L\000e\000a\000r\000n\000i\000n\000g\000\040\000A\000p\000p\000r\000o\000a\000c\000h}{section.0.1}% 3
\BOOKMARK [2][-]{subsection.0.1.3}{\376\377\000C\000h\000a\000l\000l\000e\000n\000g\000e\000s\000\040\000a\000n\000d\000\040\000D\000i\000f\000f\000i\000c\000u\000l\000t\000i\000e\000s}{section.0.1}% 4
\BOOKMARK [2][-]{subsection.0.1.4}{\376\377\000L\000e\000a\000r\000n\000i\000n\000g\000\040\000S\000o\000u\000r\000c\000e\000s}{section.0.1}% 5
\BOOKMARK [2][-]{subsection.0.1.5}{\376\377\000A\000p\000p\000l\000i\000c\000a\000t\000i\000o\000n\000\040\000a\000r\000t\000i\000f\000a\000c\000t\000s}{section.0.1}% 6
\BOOKMARK [1][-]{section.0.2}{\376\377\000L\000e\000v\000e\000l\000\040\000B\000:\000\040\000B\000a\000s\000i\000c\000\040\000A\000p\000p\000l\000i\000c\000a\000t\000i\000o\000n}{}% 7
\BOOKMARK [2][-]{subsection.0.2.1}{\376\377\000L\000e\000v\000e\000l\000\040\000B\000\040\000D\000e\000m\000o\000n\000s\000t\000r\000a\000t\000i\000o\000n}{section.0.2}% 8
\BOOKMARK [2][-]{subsection.0.2.2}{\376\377\000A\000p\000p\000l\000i\000c\000a\000t\000i\000o\000n\000\040\000a\000r\000t\000i\000f\000a\000c\000t\000s}{section.0.2}% 9
\BOOKMARK [1][-]{section.0.3}{\376\377\000L\000e\000v\000e\000l\000\040\000C\000:\000\040\000D\000e\000e\000p\000e\000r\000\040\000U\000n\000d\000e\000r\000s\000t\000a\000n\000d\000i\000n\000g}{}% 10
\BOOKMARK [2][-]{subsection.0.3.1}{\376\377\000S\000t\000r\000e\000n\000g\000t\000h\000s}{section.0.3}% 11
\BOOKMARK [2][-]{subsection.0.3.2}{\376\377\000W\000e\000a\000k\000n\000e\000s\000s\000e\000s}{section.0.3}% 12
\BOOKMARK [2][-]{subsection.0.3.3}{\376\377\000U\000s\000e\000f\000u\000l\000n\000e\000s\000s}{section.0.3}% 13
\BOOKMARK [2][-]{subsection.0.3.4}{\376\377\000K\000e\000y\000\040\000Q\000u\000e\000s\000t\000i\000o\000n\000\040\0001}{section.0.3}% 14
\BOOKMARK [2][-]{subsection.0.3.5}{\376\377\000K\000e\000y\000\040\000Q\000u\000e\000s\000t\000i\000o\000n\000\040\0002}{section.0.3}% 15
\BOOKMARK [1][-]{section.0.4}{\376\377\000L\000e\000v\000e\000l\000\040\000D\000:\000\040\000E\000v\000o\000l\000u\000t\000i\000o\000n\000\040\000o\000f\000\040\000s\000k\000i\000l\000l\000s}{}% 16
\BOOKMARK [2][-]{subsection.0.4.1}{\376\377\000L\000e\000v\000e\000l\000\040\000D\000\040\000D\000e\000m\000o\000n\000s\000t\000r\000a\000t\000i\000o\000n}{section.0.4}% 17
\BOOKMARK [2][-]{subsection.0.4.2}{\376\377\000A\000p\000p\000l\000i\000c\000a\000t\000i\000o\000n\000\040\000a\000r\000t\000i\000f\000a\000c\000t\000s}{section.0.4}% 18
\BOOKMARK [2][-]{subsection.0.4.3}{\376\377\000A\000l\000t\000e\000r\000n\000a\000t\000i\000v\000e\000\040\000t\000o\000o\000l\000s\000/\000t\000e\000c\000h\000n\000o\000l\000o\000g\000i\000e\000s}{section.0.4}% 19
\BOOKMARK [2][-]{subsection.0.4.4}{\376\377\000C\000o\000m\000p\000a\000r\000a\000t\000i\000v\000e\000\040\000A\000n\000a\000l\000y\000s\000i\000s}{section.0.4}% 20
